2026/06/23 02:03:14 ✅ PostgreSQL connected: localhost:5432/tdaskills
2026/06/23 02:03:14 ✅ Redis connected: localhost:6379
[GIN-debug] [WARNING] Running in "debug" mode. Switch to "release" mode in production.
 - using env:	export GIN_MODE=release
 - using code:	gin.SetMode(gin.ReleaseMode)

[PayPal] Initialized in sandbox mode
[GIN-debug] GET    /health                   --> github.com/tdaskills/backend/internal/router.SetupRouter.func1 (8 handlers)
[GIN-debug] GET    /ws                       --> github.com/tdaskills/backend/internal/handlers.(*WebSocketHandler).HandleConnect-fm (8 handlers)
[GIN-debug] GET    /admin.php                --> github.com/tdaskills/backend/internal/router.SetupRouter.HoneypotHandler.func7 (8 handlers)
[GIN-debug] POST   /admin.php                --> github.com/tdaskills/backend/internal/router.SetupRouter.HoneypotHandler.func7 (8 handlers)
[GIN-debug] PUT    /admin.php                --> github.com/tdaskills/backend/internal/router.SetupRouter.HoneypotHandler.func7 (8 handlers)
[GIN-debug] PATCH  /admin.php                --> github.com/tdaskills/backend/internal/router.SetupRouter.HoneypotHandler.func7 (8 handlers)
[GIN-debug] HEAD   /admin.php                --> github.com/tdaskills/backend/internal/router.SetupRouter.HoneypotHandler.func7 (8 handlers)
[GIN-debug] OPTIONS /admin.php                --> github.com/tdaskills/backend/internal/router.SetupRouter.HoneypotHandler.func7 (8 handlers)
[GIN-debug] DELETE /admin.php                --> github.com/tdaskills/backend/internal/router.SetupRouter.HoneypotHandler.func7 (8 handlers)
[GIN-debug] CONNECT /admin.php                --> github.com/tdaskills/backend/internal/router.SetupRouter.HoneypotHandler.func7 (8 handlers)
[GIN-debug] TRACE  /admin.php                --> github.com/tdaskills/backend/internal/router.SetupRouter.HoneypotHandler.func7 (8 handlers)
[GIN-debug] GET    /config.json              --> github.com/tdaskills/backend/internal/router.SetupRouter.HoneypotHandler.func7 (8 handlers)
[GIN-debug] POST   /config.json              --> github.com/tdaskills/backend/internal/router.SetupRouter.HoneypotHandler.func7 (8 handlers)
[GIN-debug] PUT    /config.json              --> github.com/tdaskills/backend/internal/router.SetupRouter.HoneypotHandler.func7 (8 handlers)
[GIN-debug] PATCH  /config.json              --> github.com/tdaskills/backend/internal/router.SetupRouter.HoneypotHandler.func7 (8 handlers)
[GIN-debug] HEAD   /config.json              --> github.com/tdaskills/backend/internal/router.SetupRouter.HoneypotHandler.func7 (8 handlers)
[GIN-debug] OPTIONS /config.json              --> github.com/tdaskills/backend/internal/router.SetupRouter.HoneypotHandler.func7 (8 handlers)
[GIN-debug] DELETE /config.json              --> github.com/tdaskills/backend/internal/router.SetupRouter.HoneypotHandler.func7 (8 handlers)
[GIN-debug] CONNECT /config.json              --> github.com/tdaskills/backend/internal/router.SetupRouter.HoneypotHandler.func7 (8 handlers)
[GIN-debug] TRACE  /config.json              --> github.com/tdaskills/backend/internal/router.SetupRouter.HoneypotHandler.func7 (8 handlers)
[GIN-debug] GET    /env.production           --> github.com/tdaskills/backend/internal/router.SetupRouter.HoneypotHandler.func7 (8 handlers)
[GIN-debug] POST   /env.production           --> github.com/tdaskills/backend/internal/router.SetupRouter.HoneypotHandler.func7 (8 handlers)
[GIN-debug] PUT    /env.production           --> github.com/tdaskills/backend/internal/router.SetupRouter.HoneypotHandler.func7 (8 handlers)
[GIN-debug] PATCH  /env.production           --> github.com/tdaskills/backend/internal/router.SetupRouter.HoneypotHandler.func7 (8 handlers)
[GIN-debug] HEAD   /env.production           --> github.com/tdaskills/backend/internal/router.SetupRouter.HoneypotHandler.func7 (8 handlers)
[GIN-debug] OPTIONS /env.production           --> github.com/tdaskills/backend/internal/router.SetupRouter.HoneypotHandler.func7 (8 handlers)
[GIN-debug] DELETE /env.production           --> github.com/tdaskills/backend/internal/router.SetupRouter.HoneypotHandler.func7 (8 handlers)
[GIN-debug] CONNECT /env.production           --> github.com/tdaskills/backend/internal/router.SetupRouter.HoneypotHandler.func7 (8 handlers)
[GIN-debug] TRACE  /env.production           --> github.com/tdaskills/backend/internal/router.SetupRouter.HoneypotHandler.func7 (8 handlers)
[GIN-debug] GET    /wp-admin                 --> github.com/tdaskills/backend/internal/router.SetupRouter.HoneypotHandler.func8 (8 handlers)
[GIN-debug] POST   /wp-admin                 --> github.com/tdaskills/backend/internal/router.SetupRouter.HoneypotHandler.func8 (8 handlers)
[GIN-debug] PUT    /wp-admin                 --> github.com/tdaskills/backend/internal/router.SetupRouter.HoneypotHandler.func8 (8 handlers)
[GIN-debug] PATCH  /wp-admin                 --> github.com/tdaskills/backend/internal/router.SetupRouter.HoneypotHandler.func8 (8 handlers)
[GIN-debug] HEAD   /wp-admin                 --> github.com/tdaskills/backend/internal/router.SetupRouter.HoneypotHandler.func8 (8 handlers)
[GIN-debug] OPTIONS /wp-admin                 --> github.com/tdaskills/backend/internal/router.SetupRouter.HoneypotHandler.func8 (8 handlers)
[GIN-debug] DELETE /wp-admin                 --> github.com/tdaskills/backend/internal/router.SetupRouter.HoneypotHandler.func8 (8 handlers)
[GIN-debug] CONNECT /wp-admin                 --> github.com/tdaskills/backend/internal/router.SetupRouter.HoneypotHandler.func8 (8 handlers)
[GIN-debug] TRACE  /wp-admin                 --> github.com/tdaskills/backend/internal/router.SetupRouter.HoneypotHandler.func8 (8 handlers)
[GIN-debug] GET    /backup.sql               --> github.com/tdaskills/backend/internal/router.SetupRouter.HoneypotHandler.func9 (8 handlers)
[GIN-debug] POST   /backup.sql               --> github.com/tdaskills/backend/internal/router.SetupRouter.HoneypotHandler.func9 (8 handlers)
[GIN-debug] PUT    /backup.sql               --> github.com/tdaskills/backend/internal/router.SetupRouter.HoneypotHandler.func9 (8 handlers)
[GIN-debug] PATCH  /backup.sql               --> github.com/tdaskills/backend/internal/router.SetupRouter.HoneypotHandler.func9 (8 handlers)
[GIN-debug] HEAD   /backup.sql               --> github.com/tdaskills/backend/internal/router.SetupRouter.HoneypotHandler.func9 (8 handlers)
[GIN-debug] OPTIONS /backup.sql               --> github.com/tdaskills/backend/internal/router.SetupRouter.HoneypotHandler.func9 (8 handlers)
[GIN-debug] DELETE /backup.sql               --> github.com/tdaskills/backend/internal/router.SetupRouter.HoneypotHandler.func9 (8 handlers)
[GIN-debug] CONNECT /backup.sql               --> github.com/tdaskills/backend/internal/router.SetupRouter.HoneypotHandler.func9 (8 handlers)
[GIN-debug] TRACE  /backup.sql               --> github.com/tdaskills/backend/internal/router.SetupRouter.HoneypotHandler.func9 (8 handlers)
[GIN-debug] GET    /database.sql             --> github.com/tdaskills/backend/internal/router.SetupRouter.HoneypotHandler.func10 (8 handlers)
[GIN-debug] POST   /database.sql             --> github.com/tdaskills/backend/internal/router.SetupRouter.HoneypotHandler.func10 (8 handlers)
[GIN-debug] PUT    /database.sql             --> github.com/tdaskills/backend/internal/router.SetupRouter.HoneypotHandler.func10 (8 handlers)
[GIN-debug] PATCH  /database.sql             --> github.com/tdaskills/backend/internal/router.SetupRouter.HoneypotHandler.func10 (8 handlers)
[GIN-debug] HEAD   /database.sql             --> github.com/tdaskills/backend/internal/router.SetupRouter.HoneypotHandler.func10 (8 handlers)
[GIN-debug] OPTIONS /database.sql             --> github.com/tdaskills/backend/internal/router.SetupRouter.HoneypotHandler.func10 (8 handlers)
[GIN-debug] DELETE /database.sql             --> github.com/tdaskills/backend/internal/router.SetupRouter.HoneypotHandler.func10 (8 handlers)
[GIN-debug] CONNECT /database.sql             --> github.com/tdaskills/backend/internal/router.SetupRouter.HoneypotHandler.func10 (8 handlers)
[GIN-debug] TRACE  /database.sql             --> github.com/tdaskills/backend/internal/router.SetupRouter.HoneypotHandler.func10 (8 handlers)
[GIN-debug] POST   /api/v1/auth/register     --> github.com/tdaskills/backend/internal/handlers.(*AuthHandler).Register-fm (9 handlers)
[GIN-debug] POST   /api/v1/auth/login        --> github.com/tdaskills/backend/internal/handlers.(*AuthHandler).Login-fm (9 handlers)
[GIN-debug] POST   /api/v1/auth/refresh      --> github.com/tdaskills/backend/internal/handlers.(*AuthHandler).Refresh-fm (9 handlers)
[GIN-debug] POST   /api/v1/auth/verify-2fa   --> github.com/tdaskills/backend/internal/handlers.(*AuthHandler).Verify2FA-fm (9 handlers)
[GIN-debug] POST   /api/v1/auth/2fa/backup-code --> github.com/tdaskills/backend/internal/handlers.(*AuthHandler).UseBackupCode-fm (9 handlers)
[GIN-debug] GET    /api/v1/auth/verify-email-page --> github.com/tdaskills/backend/internal/handlers.(*AuthHandler).VerifyEmailPage-fm (9 handlers)
[GIN-debug] POST   /api/v1/auth/verify-email --> github.com/tdaskills/backend/internal/handlers.(*AuthHandler).VerifyEmail-fm (9 handlers)
[GIN-debug] POST   /api/v1/auth/forgot-password --> github.com/tdaskills/backend/internal/handlers.(*AuthHandler).ForgotPassword-fm (9 handlers)
[GIN-debug] GET    /api/v1/auth/reset-password-page --> github.com/tdaskills/backend/internal/handlers.(*AuthHandler).ResetPasswordPage-fm (9 handlers)
[GIN-debug] POST   /api/v1/auth/reset-password --> github.com/tdaskills/backend/internal/handlers.(*AuthHandler).ResetPassword-fm (9 handlers)
[GIN-debug] POST   /api/v1/auth/logout       --> github.com/tdaskills/backend/internal/handlers.(*AuthHandler).Logout-fm (9 handlers)
[GIN-debug] GET    /api/v1/auth/me           --> github.com/tdaskills/backend/internal/handlers.(*AuthHandler).GetMe-fm (9 handlers)
[GIN-debug] POST   /api/v1/auth/2fa/setup    --> github.com/tdaskills/backend/internal/handlers.(*ProfileHandler).Setup2FA-fm (9 handlers)
[GIN-debug] POST   /api/v1/auth/2fa/enable   --> github.com/tdaskills/backend/internal/handlers.(*ProfileHandler).Enable2FA-fm (9 handlers)
[GIN-debug] POST   /api/v1/auth/2fa/disable  --> github.com/tdaskills/backend/internal/handlers.(*ProfileHandler).Disable2FA-fm (9 handlers)
[GIN-debug] GET    /api/v1/dashboard/profile --> github.com/tdaskills/backend/internal/handlers.(*ProfileHandler).GetProfile-fm (9 handlers)
[GIN-debug] PUT    /api/v1/dashboard/profile --> github.com/tdaskills/backend/internal/handlers.(*ProfileHandler).UpdateProfile-fm (9 handlers)
[GIN-debug] PUT    /api/v1/dashboard/profile/password --> github.com/tdaskills/backend/internal/handlers.(*ProfileHandler).ChangePassword-fm (9 handlers)
[GIN-debug] DELETE /api/v1/dashboard/profile/sessions/:session_id --> github.com/tdaskills/backend/internal/handlers.(*ProfileHandler).RevokeSession-fm (9 handlers)
[GIN-debug] DELETE /api/v1/dashboard/profile/sessions/all --> github.com/tdaskills/backend/internal/handlers.(*ProfileHandler).RevokeAllSessions-fm (9 handlers)
[GIN-debug] GET    /api/v1/courses           --> github.com/tdaskills/backend/internal/handlers.(*CourseHandler).List-fm (9 handlers)
[GIN-debug] GET    /api/v1/courses/categories --> github.com/tdaskills/backend/internal/handlers.(*CourseHandler).GetCategories-fm (9 handlers)
[GIN-debug] GET    /api/v1/courses/:slug     --> github.com/tdaskills/backend/internal/handlers.(*CourseHandler).GetBySlug-fm (9 handlers)
[GIN-debug] GET    /api/v1/nvqs              --> github.com/tdaskills/backend/internal/handlers.(*NVQHandler).List-fm (8 handlers)
[GIN-debug] GET    /api/v1/nvqs/:level       --> github.com/tdaskills/backend/internal/handlers.(*NVQHandler).ListByLevel-fm (8 handlers)
[GIN-debug] POST   /api/v1/enquiries         --> github.com/tdaskills/backend/internal/handlers.(*EnquiryHandler).Create-fm (9 handlers)
[GIN-debug] GET    /api/v1/cards             --> github.com/tdaskills/backend/internal/handlers.(*CardHandler).List-fm (8 handlers)
[GIN-debug] GET    /api/v1/cards/:type       --> github.com/tdaskills/backend/internal/handlers.(*CardHandler).GetByType-fm (8 handlers)
[GIN-debug] POST   /api/v1/cards/apply       --> github.com/tdaskills/backend/internal/handlers.(*CardHandler).Apply-fm (8 handlers)
[GIN-debug] GET    /api/v1/tests/centres     --> github.com/tdaskills/backend/internal/handlers.(*CITBHandler).ListCentres-fm (8 handlers)
[GIN-debug] GET    /api/v1/tests/availability --> github.com/tdaskills/backend/internal/handlers.(*CITBHandler).CheckAvailability-fm (8 handlers)
[GIN-debug] POST   /api/v1/tests/book        --> github.com/tdaskills/backend/internal/handlers.(*CITBHandler).Book-fm (8 handlers)
[GIN-debug] GET    /api/v1/tests/:id         --> github.com/tdaskills/backend/internal/handlers.(*CITBHandler).GetByID-fm (8 handlers)
[GIN-debug] GET    /api/v1/checkout/draft    --> github.com/tdaskills/backend/internal/handlers.(*CheckoutHandler).GetDraft-fm (8 handlers)
[GIN-debug] POST   /api/v1/checkout/draft    --> github.com/tdaskills/backend/internal/handlers.(*CheckoutHandler).SaveDraft-fm (8 handlers)
[GIN-debug] DELETE /api/v1/checkout/draft    --> github.com/tdaskills/backend/internal/handlers.(*CheckoutHandler).DeleteDraft-fm (8 handlers)
[GIN-debug] POST   /api/v1/bookings          --> github.com/tdaskills/backend/internal/handlers.(*BookingHandler).Create-fm (10 handlers)
[GIN-debug] GET    /api/v1/bookings          --> github.com/tdaskills/backend/internal/handlers.(*BookingHandler).List-fm (10 handlers)
[GIN-debug] GET    /api/v1/bookings/:id      --> github.com/tdaskills/backend/internal/handlers.(*BookingHandler).GetByID-fm (10 handlers)
[GIN-debug] PUT    /api/v1/bookings/:id      --> github.com/tdaskills/backend/internal/handlers.(*BookingHandler).Update-fm (10 handlers)
[GIN-debug] DELETE /api/v1/bookings/:id      --> github.com/tdaskills/backend/internal/handlers.(*BookingHandler).Cancel-fm (10 handlers)
[GIN-debug] POST   /api/v1/payments/webhook  --> github.com/tdaskills/backend/internal/handlers.(*PaymentHandler).Webhook-fm (9 handlers)
[GIN-debug] GET    /api/v1/payments/paypal/status --> github.com/tdaskills/backend/internal/handlers.(*PaymentHandler).PayPalStatus-fm (9 handlers)
[GIN-debug] POST   /api/v1/payments/create-intent --> github.com/tdaskills/backend/internal/handlers.(*PaymentHandler).CreateIntent-fm (9 handlers)
[GIN-debug] POST   /api/v1/payments/paypal/create-order --> github.com/tdaskills/backend/internal/handlers.(*PaymentHandler).CreatePayPalOrder-fm (9 handlers)
[GIN-debug] POST   /api/v1/payments/paypal/capture-order --> github.com/tdaskills/backend/internal/handlers.(*PaymentHandler).CapturePayPalOrder-fm (9 handlers)
[GIN-debug] POST   /api/v1/payments/paypal/cancel-order --> github.com/tdaskills/backend/internal/handlers.(*PaymentHandler).CancelPayPalOrder-fm (9 handlers)
[GIN-debug] POST   /api/v1/payments/confirm  --> github.com/tdaskills/backend/internal/handlers.(*PaymentHandler).Confirm-fm (9 handlers)
[GIN-debug] GET    /api/v1/payments/:id      --> github.com/tdaskills/backend/internal/handlers.(*PaymentHandler).GetByID-fm (9 handlers)
[GIN-debug] GET    /api/v1/notifications     --> github.com/tdaskills/backend/internal/handlers.(*NotificationHandler).List-fm (9 handlers)
[GIN-debug] PUT    /api/v1/notifications/:id/read --> github.com/tdaskills/backend/internal/handlers.(*NotificationHandler).MarkAsRead-fm (9 handlers)
[GIN-debug] PUT    /api/v1/notifications/read-all --> github.com/tdaskills/backend/internal/handlers.(*NotificationHandler).MarkAllAsRead-fm (9 handlers)
[GIN-debug] DELETE /api/v1/notifications/:id --> github.com/tdaskills/backend/internal/handlers.(*NotificationHandler).Delete-fm (9 handlers)
[GIN-debug] GET    /api/v1/notifications/unread-count --> github.com/tdaskills/backend/internal/handlers.(*NotificationHandler).UnreadCount-fm (9 handlers)
[GIN-debug] POST   /api/v1/upload/presign    --> github.com/tdaskills/backend/internal/handlers.(*UploadHandler).Presign-fm (9 handlers)
[GIN-debug] POST   /api/v1/admin/auth/login  --> github.com/tdaskills/backend/internal/handlers/admin.(*AdminAuthHandler).Login-fm (9 handlers)
[GIN-debug] GET    /api/v1/admin/auth/me     --> github.com/tdaskills/backend/internal/handlers/admin.(*AdminAuthHandler).GetMe-fm (11 handlers)
[GIN-debug] POST   /api/v1/admin/auth/refresh --> github.com/tdaskills/backend/internal/handlers/admin.(*AdminAuthHandler).Refresh-fm (11 handlers)
[GIN-debug] POST   /api/v1/admin/auth/logout --> github.com/tdaskills/backend/internal/handlers/admin.(*AdminAuthHandler).Logout-fm (11 handlers)
[GIN-debug] GET    /api/v1/admin/dashboard   --> github.com/tdaskills/backend/internal/handlers/admin.(*DashboardHandler).GetStats-fm (11 handlers)
[GIN-debug] GET    /api/v1/admin/courses     --> github.com/tdaskills/backend/internal/handlers/admin.(*AdminCourseHandler).List-fm (11 handlers)
[GIN-debug] GET    /api/v1/admin/courses/:id --> github.com/tdaskills/backend/internal/handlers/admin.(*AdminCourseHandler).Get-fm (11 handlers)
[GIN-debug] POST   /api/v1/admin/courses     --> github.com/tdaskills/backend/internal/handlers/admin.(*AdminCourseHandler).Create-fm (11 handlers)
[GIN-debug] PUT    /api/v1/admin/courses/:id --> github.com/tdaskills/backend/internal/handlers/admin.(*AdminCourseHandler).Update-fm (11 handlers)
[GIN-debug] DELETE /api/v1/admin/courses/:id --> github.com/tdaskills/backend/internal/handlers/admin.(*AdminCourseHandler).Delete-fm (11 handlers)
[GIN-debug] GET    /api/v1/admin/users       --> github.com/tdaskills/backend/internal/handlers/admin.(*AdminUserHandler).List-fm (11 handlers)
[GIN-debug] GET    /api/v1/admin/users/:id   --> github.com/tdaskills/backend/internal/handlers/admin.(*AdminUserHandler).GetByID-fm (11 handlers)
[GIN-debug] PUT    /api/v1/admin/users/:id   --> github.com/tdaskills/backend/internal/handlers/admin.(*AdminUserHandler).Update-fm (11 handlers)
[GIN-debug] GET    /api/v1/admin/bookings    --> github.com/tdaskills/backend/internal/handlers/admin.(*AdminBookingHandler).List-fm (11 handlers)
[GIN-debug] PUT    /api/v1/admin/bookings/:id --> github.com/tdaskills/backend/internal/handlers/admin.(*AdminBookingHandler).UpdateStatus-fm (11 handlers)
[GIN-debug] GET    /api/v1/admin/payments    --> github.com/tdaskills/backend/internal/handlers/admin.(*AdminPaymentHandler).List-fm (11 handlers)
[GIN-debug] POST   /api/v1/admin/payments/refund --> github.com/tdaskills/backend/internal/handlers.(*PaymentHandler).Refund-fm (11 handlers)
[GIN-debug] GET    /api/v1/admin/audit-logs  --> github.com/tdaskills/backend/internal/handlers/admin.(*AuditHandler).List-fm (11 handlers)
[GIN-debug] GET    /api/v1/admin/login-activity --> github.com/tdaskills/backend/internal/handlers/admin.(*AuditHandler).LoginActivity-fm (11 handlers)
[GIN-debug] GET    /api/v1/admin/settings    --> github.com/tdaskills/backend/internal/handlers/admin.(*SettingsHandler).List-fm (11 handlers)
[GIN-debug] GET    /api/v1/admin/settings/:key --> github.com/tdaskills/backend/internal/handlers/admin.(*SettingsHandler).GetByKey-fm (11 handlers)
[GIN-debug] PUT    /api/v1/admin/settings/:key --> github.com/tdaskills/backend/internal/handlers/admin.(*SettingsHandler).Update-fm (11 handlers)
[GIN-debug] GET    /api/v1/admin/enquiries   --> github.com/tdaskills/backend/internal/handlers/admin.(*AdminEnquiryHandler).List-fm (11 handlers)
[GIN-debug] GET    /api/v1/admin/enquiries/:id --> github.com/tdaskills/backend/internal/handlers/admin.(*AdminEnquiryHandler).GetByID-fm (11 handlers)
[GIN-debug] PUT    /api/v1/admin/enquiries/:id/status --> github.com/tdaskills/backend/internal/handlers/admin.(*AdminEnquiryHandler).UpdateStatus-fm (11 handlers)
[GIN-debug] DELETE /api/v1/admin/enquiries/:id --> github.com/tdaskills/backend/internal/handlers/admin.(*AdminEnquiryHandler).Delete-fm (11 handlers)
2026/06/23 02:03:14 🚀 TDA Skills API starting on :8080 (env: development)
[GIN-debug] [WARNING] You trusted all proxies, this is NOT safe. We recommend you to set a value.
Please check https://pkg.go.dev/github.com/gin-gonic/gin#readme-don-t-trust-all-proxies for details.
[GIN-debug] Listening and serving HTTP on :8080
[GIN-debug] [ERROR] listen tcp :8080: bind: address already in use
2026/06/23 02:03:14 Server failed: listen tcp :8080: bind: address already in use
exit status 1
